<?xml version="1.0" encoding="UTF-8"?>
<!-- Generated by org.testng.reporters.JUnitReportReporter -->
<testsuite skipped="0" hostname="Home" name="automationTest.com.automation.test.trials.DependsOnMethods" tests="2" failures="0" timestamp="02 Oct 2018 07:43:00 GMT" time="0.010" errors="0">
  <testcase name="TC1" time="0.007" classname="automationTest.com.automation.test.trials.DependsOnMethods"/>
  <testcase name="TC2" time="0.003" classname="automationTest.com.automation.test.trials.DependsOnMethods"/>
</testsuite> <!-- automationTest.com.automation.test.trials.DependsOnMethods -->
